********* ZmmAna begin! *********
********* Attention:it is   QCD_num   running now********
Info in <TCanvas::MakeDefCanvas>:  created default TCanvas with name c1
Warning in <TCanvas::Constructor>: Deleting canvas with same name: c1
Running:Starting Rootfile1
entryNumber = 51078
Running: Free Rootfile1
Running:Starting Rootfile2
entryNumber = 50093
Running: Free Rootfile2
Running:Starting Rootfile3
entryNumber = 50032
Running: Free Rootfile3
Running:Starting Rootfile4
entryNumber = 38130
Running: Free Rootfile4
Running:Starting Rootfile5
entryNumber = 50253
Running: Free Rootfile5
Running:Starting Rootfile6
entryNumber = 51575
Running: Free Rootfile6
Running:Starting Rootfile7
entryNumber = 49919
Running: Free Rootfile7
Running:Starting Rootfile8
entryNumber = 49923
Running: Free Rootfile8
Running:Starting Rootfile9
entryNumber = 50469
Running: Free Rootfile9
Running:Starting Rootfile10
entryNumber = 50914
Running: Free Rootfile10
Running:Starting Rootfile11
entryNumber = 51174
Running: Free Rootfile11
Running:Starting Rootfile12
entryNumber = 50060
Running: Free Rootfile12
Running:Starting Rootfile13
entryNumber = 50271
Running: Free Rootfile13
Running:Starting Rootfile14
entryNumber = 50211
Running: Free Rootfile14
Running:Starting Rootfile15
entryNumber = 50574
Running: Free Rootfile15
Running:Starting Rootfile16
entryNumber = 50121
Running: Free Rootfile16
Running:Starting Rootfile17
entryNumber = 50161
Running: Free Rootfile17
Running:Starting Rootfile18
entryNumber = 50846
Running: Free Rootfile18
Running:Starting Rootfile19
entryNumber = 50683
Running: Free Rootfile19
Running:Starting Rootfile20
entryNumber = 50176
Running: Free Rootfile20
Running:Starting Rootfile21
entryNumber = 51059
Running: Free Rootfile21
Running:Starting Rootfile22
entryNumber = 52113
Running: Free Rootfile22
Running:Starting Rootfile23
entryNumber = 50164
Running: Free Rootfile23
Running:Starting Rootfile24
entryNumber = 50439
Running: Free Rootfile24
Running:Starting Rootfile25
entryNumber = 50529
Running: Free Rootfile25
Running:Starting Rootfile26
entryNumber = 51308
Running: Free Rootfile26
Running:Starting Rootfile27
entryNumber = 51180
Running: Free Rootfile27
Running:Starting Rootfile28
entryNumber = 50312
Running: Free Rootfile28
Running:Starting Rootfile29
entryNumber = 50118
Running: Free Rootfile29
Running:Starting Rootfile30
entryNumber = 51558
Running: Free Rootfile30
Running:Starting Rootfile31
entryNumber = 51885
Running: Free Rootfile31
Running:Starting Rootfile32
entryNumber = 51935
Running: Free Rootfile32
Running:Starting Rootfile33
entryNumber = 51106
Running: Free Rootfile33
Running:Starting Rootfile34
entryNumber = 35067
Running: Free Rootfile34
Running:Starting Rootfile35
entryNumber = 51709
Running: Free Rootfile35
Running:Starting Rootfile36
entryNumber = 50202
Running: Free Rootfile36
Running:Starting Rootfile37
entryNumber = 35747
Running: Free Rootfile37
Running:Starting Rootfile38
entryNumber = 50078
Running: Free Rootfile38
Running:Starting Rootfile39
entryNumber = 51107
Running: Free Rootfile39
Running:Starting Rootfile40
entryNumber = 50797
Running: Free Rootfile40
Running:Starting Rootfile41
entryNumber = 51390
Running: Free Rootfile41
Running:Starting Rootfile42
entryNumber = 51007
Running: Free Rootfile42
Running:Starting Rootfile43
entryNumber = 49915
Running: Free Rootfile43
Running:Starting Rootfile44
entryNumber = 50764
Running: Free Rootfile44
Running:Starting Rootfile45
entryNumber = 50852
Running: Free Rootfile45
Running:Starting Rootfile46
entryNumber = 48423
Running: Free Rootfile46
Running:Starting Rootfile47
entryNumber = 49659
Running: Free Rootfile47
Running:Starting Rootfile48
entryNumber = 50597
Running: Free Rootfile48
Running:Starting Rootfile49
entryNumber = 51098
Running: Free Rootfile49
Running:Starting Rootfile50
entryNumber = 50858
Running: Free Rootfile50

total event number:2.48964e+06

Running:50files in total readed!
Running: histgrams saved!
********* ZmmAna finish! *********
