********* ZmmAna begin! *********
********* Attention:it is   QCD_num   running now********
Info in <TCanvas::MakeDefCanvas>:  created default TCanvas with name c1
Warning in <TCanvas::Constructor>: Deleting canvas with same name: c1
Running:Starting Rootfile1
entryNumber = 51708
Running: Free Rootfile1
Running:Starting Rootfile2
entryNumber = 50765
Running: Free Rootfile2
Warning in <TFile::Init>: file /lustre/AtlUser/cwang/DZeroData/ZmumuData/BKGMC/W0lpBKG/IIb_W0lp_20161210072453-20093401.d0cabsrv1.fnal.gov/Ztree.root probably not closed, trying to recover
Info in <TFile::Recover>: /lustre/AtlUser/cwang/DZeroData/ZmumuData/BKGMC/W0lpBKG/IIb_W0lp_20161210072453-20093401.d0cabsrv1.fnal.gov/Ztree.root, recovered key TTree:Ztree at address 25995215
Warning in <TFile::Init>: successfully recovered 1 keys
Running:Starting Rootfile3
entryNumber = 38208
Running: Free Rootfile3
Running:Starting Rootfile4
entryNumber = 51112
Running: Free Rootfile4
Running:Starting Rootfile5
entryNumber = 50407
Running: Free Rootfile5
Running:Starting Rootfile6
entryNumber = 50596
Running: Free Rootfile6
Running:Starting Rootfile7
entryNumber = 51416
Running: Free Rootfile7
Running:Starting Rootfile8
entryNumber = 51281
Running: Free Rootfile8
Running:Starting Rootfile9
entryNumber = 50370
Running: Free Rootfile9
Running:Starting Rootfile10
entryNumber = 50976
Running: Free Rootfile10
Running:Starting Rootfile11
entryNumber = 52278
Running: Free Rootfile11
Warning in <TFile::Init>: file /lustre/AtlUser/cwang/DZeroData/ZmumuData/BKGMC/W0lpBKG/IIb_W0lp_20161210072502-20093410.d0cabsrv1.fnal.gov/Ztree.root probably not closed, trying to recover
Info in <TFile::Recover>: /lustre/AtlUser/cwang/DZeroData/ZmumuData/BKGMC/W0lpBKG/IIb_W0lp_20161210072502-20093410.d0cabsrv1.fnal.gov/Ztree.root, recovered key TTree:Ztree at address 30380138
Warning in <TFile::Init>: successfully recovered 1 keys
Running:Starting Rootfile12
entryNumber = 44576
Running: Free Rootfile12
Running:Starting Rootfile13
entryNumber = 50994
Running: Free Rootfile13
Running:Starting Rootfile14
entryNumber = 50687
Running: Free Rootfile14
Running:Starting Rootfile15
entryNumber = 51488
Running: Free Rootfile15
Running:Starting Rootfile16
entryNumber = 50134
Running: Free Rootfile16
Warning in <TFile::Init>: file /lustre/AtlUser/cwang/DZeroData/ZmumuData/BKGMC/W0lpBKG/IIb_W0lp_20161210072509-20093415.d0cabsrv1.fnal.gov/Ztree.root probably not closed, trying to recover
Info in <TFile::Recover>: /lustre/AtlUser/cwang/DZeroData/ZmumuData/BKGMC/W0lpBKG/IIb_W0lp_20161210072509-20093415.d0cabsrv1.fnal.gov/Ztree.root, recovered key TTree:Ztree at address 30357915
Warning in <TFile::Init>: successfully recovered 1 keys
Running:Starting Rootfile17
entryNumber = 44576
Running: Free Rootfile17
Running:Starting Rootfile18
entryNumber = 49691
Running: Free Rootfile18
Running:Starting Rootfile19
entryNumber = 50767
Running: Free Rootfile19
Running:Starting Rootfile20
entryNumber = 37777
Running: Free Rootfile20
Warning in <TFile::Init>: file /lustre/AtlUser/cwang/DZeroData/ZmumuData/BKGMC/W0lpBKG/IIb_W0lp_20161210072512-20093419.d0cabsrv1.fnal.gov/Ztree.root probably not closed, trying to recover
Info in <TFile::Recover>: /lustre/AtlUser/cwang/DZeroData/ZmumuData/BKGMC/W0lpBKG/IIb_W0lp_20161210072512-20093419.d0cabsrv1.fnal.gov/Ztree.root, recovered key TTree:Ztree at address 30556144
Warning in <TFile::Init>: successfully recovered 1 keys
Running:Starting Rootfile21
entryNumber = 44576
Running: Free Rootfile21
Running:Starting Rootfile22
entryNumber = 51460
Running: Free Rootfile22
Running:Starting Rootfile23
entryNumber = 50471
Running: Free Rootfile23
Running:Starting Rootfile24
entryNumber = 42691
Running: Free Rootfile24
Running:Starting Rootfile25
entryNumber = 52006
Running: Free Rootfile25
Running:Starting Rootfile26
entryNumber = 51414
Running: Free Rootfile26
Running:Starting Rootfile27
entryNumber = 50037
Running: Free Rootfile27
Running:Starting Rootfile28
entryNumber = 50066
Running: Free Rootfile28
Running:Starting Rootfile29
entryNumber = 50204
Running: Free Rootfile29
Warning in <TFile::Init>: file /lustre/AtlUser/cwang/DZeroData/ZmumuData/BKGMC/W0lpBKG/IIb_W0lp_20161210072521-20093428.d0cabsrv1.fnal.gov/Ztree.root probably not closed, trying to recover
Info in <TFile::Recover>: /lustre/AtlUser/cwang/DZeroData/ZmumuData/BKGMC/W0lpBKG/IIb_W0lp_20161210072521-20093428.d0cabsrv1.fnal.gov/Ztree.root, recovered key TTree:Ztree at address 26120164
Warning in <TFile::Init>: successfully recovered 1 keys
Running:Starting Rootfile30
entryNumber = 38208
Running: Free Rootfile30
Running:Starting Rootfile31
entryNumber = 51909
Running: Free Rootfile31
Running:Starting Rootfile32
entryNumber = 51965
Running: Free Rootfile32
Running:Starting Rootfile33
entryNumber = 33100
Running: Free Rootfile33
Running:Starting Rootfile34
entryNumber = 51259
Running: Free Rootfile34
Running:Starting Rootfile35
entryNumber = 50035
Running: Free Rootfile35
Running:Starting Rootfile36
entryNumber = 50001
Running: Free Rootfile36
Running:Starting Rootfile37
entryNumber = 50267
Running: Free Rootfile37
Running:Starting Rootfile38
entryNumber = 50881
Running: Free Rootfile38
Running:Starting Rootfile39
entryNumber = 51119
Running: Free Rootfile39
Running:Starting Rootfile40
entryNumber = 45446
Running: Free Rootfile40
Running:Starting Rootfile41
entryNumber = 50419
Running: Free Rootfile41
Running:Starting Rootfile42
entryNumber = 42885
Running: Free Rootfile42
Running:Starting Rootfile43
entryNumber = 42726
Running: Free Rootfile43
Running:Starting Rootfile44
entryNumber = 50345
Running: Free Rootfile44
Running:Starting Rootfile45
entryNumber = 49220
Running: Free Rootfile45
Warning in <TFile::Init>: file /lustre/AtlUser/cwang/DZeroData/ZmumuData/BKGMC/W0lpBKG/IIb_W0lp_20161210072535-20093444.d0cabsrv1.fnal.gov/Ztree.root probably not closed, trying to recover
Info in <TFile::Recover>: /lustre/AtlUser/cwang/DZeroData/ZmumuData/BKGMC/W0lpBKG/IIb_W0lp_20161210072535-20093444.d0cabsrv1.fnal.gov/Ztree.root, recovered key TTree:Ztree at address 25982929
Warning in <TFile::Init>: successfully recovered 1 keys
Running:Starting Rootfile46
entryNumber = 38208
Running: Free Rootfile46
Running:Starting Rootfile47
entryNumber = 51221
Running: Free Rootfile47
Running:Starting Rootfile48
entryNumber = 37740
Running: Free Rootfile48
Running:Starting Rootfile49
entryNumber = 50598
Running: Free Rootfile49
Running:Starting Rootfile50
entryNumber = 50718
Running: Free Rootfile50

total event number:2.411e+06

Running:50files in total readed!
Running: histgrams saved!
********* ZmmAna finish! *********
