********* ZmmAna begin! *********
********* Attention:it is   QCD_num   running now********
Info in <TCanvas::MakeDefCanvas>:  created default TCanvas with name c1
Warning in <TCanvas::Constructor>: Deleting canvas with same name: c1
Running:Starting Rootfile1
entryNumber = 50268
Running: Free Rootfile1
Running:Starting Rootfile2
entryNumber = 41483
Running: Free Rootfile2
Running:Starting Rootfile3
entryNumber = 46292
Running: Free Rootfile3
Running:Starting Rootfile4
entryNumber = 45515
Running: Free Rootfile4
Running:Starting Rootfile5
entryNumber = 45647
Running: Free Rootfile5
Running:Starting Rootfile6
entryNumber = 46391
Running: Free Rootfile6
Running:Starting Rootfile7
entryNumber = 69218
Running: Free Rootfile7
Running:Starting Rootfile8
entryNumber = 23423
Running: Free Rootfile8
Running:Starting Rootfile9
entryNumber = 55886
Running: Free Rootfile9
Running:Starting Rootfile10
entryNumber = 36874
Running: Free Rootfile10
Running:Starting Rootfile11
entryNumber = 46533
Running: Free Rootfile11
Running:Starting Rootfile12
entryNumber = 46176
Running: Free Rootfile12
Running:Starting Rootfile13
entryNumber = 45600
Running: Free Rootfile13
Running:Starting Rootfile14
entryNumber = 46554
Running: Free Rootfile14
Running:Starting Rootfile15
entryNumber = 65156
Running: Free Rootfile15
Running:Starting Rootfile16
entryNumber = 28293
Running: Free Rootfile16
Running:Starting Rootfile17
entryNumber = 0
****** this tree has no event, skip to next!!! ******
Running:Starting Rootfile18
entryNumber = 93550
Running: Free Rootfile18
Running:Starting Rootfile19
entryNumber = 46523
Running: Free Rootfile19
Running:Starting Rootfile20
entryNumber = 45717
Running: Free Rootfile20
Running:Starting Rootfile21
entryNumber = 32683
Running: Free Rootfile21
Running:Starting Rootfile22
entryNumber = 59448
Running: Free Rootfile22
Running:Starting Rootfile23
entryNumber = 45424
Running: Free Rootfile23
Running:Starting Rootfile24
entryNumber = 46284
Running: Free Rootfile24
Running:Starting Rootfile25
entryNumber = 54892
Running: Free Rootfile25
Running:Starting Rootfile26
entryNumber = 36725
Running: Free Rootfile26
Running:Starting Rootfile27
entryNumber = 46980
Running: Free Rootfile27
Running:Starting Rootfile28
entryNumber = 46396
Running: Free Rootfile28
Running:Starting Rootfile29
entryNumber = 45413
Running: Free Rootfile29
Running:Starting Rootfile30
entryNumber = 46433
Running: Free Rootfile30
Running:Starting Rootfile31
entryNumber = 46083
Running: Free Rootfile31
Running:Starting Rootfile32
entryNumber = 45550
Running: Free Rootfile32
Running:Starting Rootfile33
entryNumber = 51354
Running: Free Rootfile33
Running:Starting Rootfile34
entryNumber = 41263
Running: Free Rootfile34
Running:Starting Rootfile35
entryNumber = 55100
Running: Free Rootfile35
Running:Starting Rootfile36
entryNumber = 37102
Running: Free Rootfile36
Running:Starting Rootfile37
entryNumber = 45682
Running: Free Rootfile37
Running:Starting Rootfile38
entryNumber = 46549
Running: Free Rootfile38
Running:Starting Rootfile39
entryNumber = 51666
Running: Free Rootfile39
Running:Starting Rootfile40
entryNumber = 41422
Running: Free Rootfile40
Running:Starting Rootfile41
entryNumber = 45777
Running: Free Rootfile41
Running:Starting Rootfile42
entryNumber = 45865
Running: Free Rootfile42
Running:Starting Rootfile43
entryNumber = 37221
Running: Free Rootfile43
Running:Starting Rootfile44
entryNumber = 55000
Running: Free Rootfile44
Running:Starting Rootfile45
entryNumber = 54293
Running: Free Rootfile45
Running:Starting Rootfile46
entryNumber = 36858
Running: Free Rootfile46
Running:Starting Rootfile47
entryNumber = 50308
Running: Free Rootfile47
Running:Starting Rootfile48
entryNumber = 41368
Running: Free Rootfile48
Running:Starting Rootfile49
entryNumber = 55664
Running: Free Rootfile49
Running:Starting Rootfile50
entryNumber = 37531
Running: Free Rootfile50

total event number:2.30743e+06

Running:50files in total readed!
Running: histgrams saved!
********* ZmmAna finish! *********
