500   Random Data:   3422   31350   57283   75883   83396   75228   57035   30296   3535   
500   Random Data Forward:   1706   16061   30025   39935   43746   39764   29494   15591   1861   
500   Random Data Backward:   1716   15289   27258   35948   39650   35464   27541   14705   1674   
500   After BKG:   3420.52   31302.6   56870.6   74679.4   81635   73781.5   56710.6   30239.8   3533.24   
500   After BKG Forward:   1705.33   16037.2   29817.3   39332.3   42863.6   39039.5   29330.4   15562   1860.51   
500   After BKG Backward:   1715.18   15265.4   27053.3   35347.1   38771.4   34742   27380.2   14677.7   1672.73   
500   Efficiency Reweight:   1.01673   1.05633   1.05172   1.02797   1   1.02213   1.06018   1.02841   0.991809   
500   After Matrix:   3393.41   31192.8   56880.4   74769.7   81760.5   73900.9   56699.9   30054.2   3522.48   
500   After Matrix Forward:   1689.59   15969.2   29829.1   39390.2   42911.3   39142   29298.3   15462.5   1856.5   
500   After Matrix Backward:   1703.82   15223.6   27051.3   35379.5   38849.2   34758.9   27401.6   14591.7   1665.98   
500   Overall Efficiency:   0.769733   0.819481   0.768729   0.7552   0.739136   0.742115   0.757825   0.798619   0.743751   
500   Result:   0.00812102   0.0701179   0.136302   0.18238   0.203767   0.183439   0.137825   0.0693233   0.00872438   
500   Result Forward:   0.00404348   0.035897   0.0714795   0.0960816   0.106945   0.0971596   0.0712175   0.0356659   0.00459813   
500   Result Backward:   0.00407754   0.0342209   0.064823   0.0862986   0.0968215   0.0862797   0.0666071   0.0336574   0.00412625   
1000   Random Data:   3445   30762   57431   76061   83316   75595   56583   30743   3580   
1000   Random Data Forward:   1735   15917   30122   39841   43613   39760   29475   15804   1792   
1000   Random Data Backward:   1710   14845   27309   36220   39703   35835   27108   14939   1788   
1000   After BKG:   3443.39   30722.1   57155.7   75286.2   82169.8   74697.8   56362.2   30698.5   3578.1   
1000   After BKG Forward:   1734.28   15896.9   29982.6   39452.6   43037.7   39310   29363.2   15780.8   1791.47   
1000   After BKG Backward:   1709.11   14825.2   27173.1   35833.6   39132.1   35387.8   26999   14917.7   1786.64   
1000   Efficiency Reweight:   1.06623   0.992258   1.07112   1.01927   1   1.01266   1.05044   0.979127   1.0423   
1000   After Matrix:   3409.93   30625.9   57140.9   75450.7   82105.5   74939.2   56333.5   30553.4   3555.88   
1000   After Matrix Forward:   1715.18   15840.7   29983.6   39538.4   42995.2   39456   29342.9   15699.7   1778.46   
1000   After Matrix Backward:   1694.75   14785.1   27157.3   35912.3   39110.3   35483.2   26990.6   14853.6   1777.43   
1000   Overall Efficiency:   0.805823   0.795807   0.756322   0.745134   0.734329   0.723172   0.742659   0.777771   0.78024   
1000   Result:   0.00762927   0.0693838   0.136213   0.18256   0.201585   0.186829   0.136759   0.0708247   0.00821668   
1000   Result Forward:   0.00383748   0.0358876   0.071475   0.0956668   0.105562   0.0983669   0.0712345   0.036393   0.00410953   
1000   Result Backward:   0.00379179   0.0334961   0.0647375   0.0868932   0.0960234   0.0884623   0.0655241   0.0344317   0.00410715   
1500   Random Data:   3524   31210   57388   75629   83967   75284   56486   30280   3570   
1500   Random Data Forward:   1821   15960   29858   39580   44103   39561   29382   15632   1807   
1500   Random Data Backward:   1703   15250   27530   36049   39864   35723   27104   14648   1763   
1500   After BKG:   3521.63   31166.4   57209.1   75202.4   83372.9   74803.4   56328.8   30237.3   3567.19   
1500   After BKG Forward:   1819.94   15938   29766.1   39365.2   43802.8   39318.8   29301.2   15609.3   1806.22   
1500   After BKG Backward:   1701.69   15228.4   27443   35837.2   39570.1   35484.6   27027.5   14628   1760.97   
1500   Efficiency Reweight:   1.03065   1.01557   1.06891   1.02198   1   1.02106   1.05067   1.007   1.02328   
1500   After Matrix:   3494.29   31071   57275.4   75265   83393.7   74983.6   56306.4   30069.3   3551.5   
1500   After Matrix Forward:   1806.77   15878.3   29803   39398.9   43818.3   39426   29280.7   15519.3   1796.92   
1500   After Matrix Backward:   1687.52   15192.7   27472.4   35866.1   39575.4   35557.6   27025.8   14550   1754.59   
1500   Overall Efficiency:   0.77277   0.798009   0.75612   0.752657   0.745905   0.734034   0.751454   0.791576   0.771012   
1500   Result:   0.0082112   0.0707042   0.137555   0.181591   0.203024   0.185502   0.136067   0.0689809   0.00836468   
1500   Result Forward:   0.00424571   0.0361321   0.071576   0.0950573   0.106677   0.0975359   0.0707582   0.0356023   0.00423218   
1500   Result Backward:   0.00396549   0.0345721   0.0659787   0.0865336   0.0963474   0.087966   0.0653091   0.0333785   0.00413249   
2000   Random Data:   3423   30967   57024   76231   83707   75585   56837   30735   3437   
2000   Random Data Forward:   1746   15831   29858   40076   43791   39866   29538   15887   1795   
2000   Random Data Backward:   1677   15136   27166   36155   39916   35719   27299   14848   1642   
2000   After BKG:   3420.9   30928.2   56859.5   75849.2   83163.3   75133   56693.7   30697.5   3434.61   
2000   After BKG Forward:   1745.05   15811.4   29773.6   39883.8   43516.6   39638.2   29464.5   15867.1   1794.32   
2000   After BKG Backward:   1675.84   15116.8   27085.9   35965.4   39646.7   35494.7   27229.2   14830.4   1640.28   
2000   Efficiency Reweight:   1.0481   1.02516   1.06847   1.01893   1   1.01237   1.0731   1.01466   1.02068   
2000   After Matrix:   3386.17   30815.7   56848.9   76041.5   83212   75273.3   56647.3   30542.3   3413.9   
2000   After Matrix Forward:   1727.23   15739.7   29775.6   39997.6   43520.2   39743.6   29423.8   15783.2   1784.3   
2000   After Matrix Backward:   1658.94   15076   27073.3   36043.8   39691.8   35529.7   27223.5   14759.1   1629.6   
2000   Overall Efficiency:   0.808089   0.815398   0.762226   0.742518   0.736944   0.741829   0.757411   0.802487   0.770885   
2000   Result:   0.00760996   0.0686333   0.135448   0.185984   0.205062   0.184277   0.135825   0.0691188   0.00804256   
2000   Result Forward:   0.00388171   0.0350558   0.070943   0.0978273   0.107248   0.0972963   0.0705505   0.0357183   0.00420351   
2000   Result Backward:   0.00372825   0.0335775   0.0645047   0.088157   0.0978135   0.0869803   0.0652747   0.0334006   0.00383905   
2500   Random Data:   3402   31266   57272   76166   83527   76128   56814   30390   3480   
2500   Random Data Forward:   1780   16152   30016   39862   43894   40016   29435   15719   1738   
2500   Random Data Backward:   1622   15114   27256   36304   39633   36112   27379   14671   1742   
2500   After BKG:   3398.65   31200.6   56960.1   75417.4   82452.4   75171.7   56547.6   30326.5   3476.19   
2500   After BKG Forward:   1778.49   16119.1   29856.8   39485.4   43353.2   39535.2   29299.1   15685.4   1736.93   
2500   After BKG Backward:   1620.17   15081.5   27103.3   35932   39099.2   35636.5   27248.6   14641.1   1739.26   
2500   Efficiency Reweight:   0.983965   1.03319   0.999277   1.00855   1   1.0085   1.00355   1.0249   0.958686   
2500   After Matrix:   3367.32   31084.1   56975.7   75600.8   82611.5   75141.8   56558.4   30148.6   3464.06   
2500   After Matrix Forward:   1763.27   16049.2   29874.5   39573   43442.7   39537.4   29286.6   15595   1728.44   
2500   After Matrix Backward:   1604.05   15034.9   27101.2   36027.8   39168.8   35604.4   27271.8   14553.6   1735.62   
2500   Overall Efficiency:   0.738924   0.775532   0.729088   0.72104   0.719895   0.736291   0.729613   0.763172   0.70549   
2500   Result:   0.00804599   0.0707675   0.137976   0.185124   0.202613   0.180188   0.136867   0.0697492   0.00866941   
2500   Result Forward:   0.00421322   0.0365384   0.0723461   0.0969024   0.106547   0.0948099   0.0708715   0.0360793   0.00432572   
2500   Result Backward:   0.00383277   0.0342291   0.0656301   0.0882212   0.0960653   0.0853784   0.0659958   0.0336699   0.00434369   
3000   Random Data:   3290   31037   57119   76492   83178   75534   56514   30689   3570   
3000   Random Data Forward:   1693   15977   29931   39942   43470   39637   29360   15826   1818   
3000   Random Data Backward:   1597   15060   27188   36550   39708   35897   27154   14863   1752   
3000   After BKG:   3287.34   30991.6   57007.1   76321.6   82983.8   75357.2   56403.8   30650.1   3566.83   
3000   After BKG Forward:   1691.81   15954.2   29872.5   39854.7   43370   39546.3   29302.3   15805.1   1817.11   
3000   After BKG Backward:   1595.53   15037.5   27134.7   36466.9   39613.7   35810.9   27101.4   14845   1749.71   
3000   Efficiency Reweight:   1.01732   1.05639   1.01649   1.0187   1   1.00864   1.02373   1.0373   1.02929   
3000   After Matrix:   3257.25   30845.3   57008.1   76603.2   83155.4   75365   56296.3   30492.2   3547.77   
3000   After Matrix Forward:   1676.36   15867.9   29887   39996.1   43454.3   39569.4   29236.8   15720.1   1806.52   
3000   After Matrix Backward:   1580.89   14977.4   27121.1   36607.1   39701.1   35795.6   27059.5   14772   1741.24   
3000   Overall Efficiency:   0.767086   0.808937   0.755593   0.739874   0.743534   0.770615   0.762643   0.804676   0.789499   
3000   Result:   0.00775995   0.0696829   0.13788   0.189209   0.204382   0.178725   0.1349   0.06925   0.00821214   
3000   Result Forward:   0.0039937   0.0358473   0.0722847   0.09879   0.106803   0.0938372   0.0700585   0.0357016   0.00418162   
3000   Result Backward:   0.00376626   0.0338356   0.0655951   0.090419   0.0975785   0.0848877   0.064841   0.0335484   0.00403052   
3500   Random Data:   3641   31198   57270   76006   83531   75430   56764   30302   3577   
3500   Random Data Forward:   1844   15977   30049   39841   44029   39392   29505   15616   1808   
3500   Random Data Backward:   1797   15221   27221   36165   39502   36038   27259   14686   1769   
3500   After BKG:   3638.85   31163.4   57183.4   75874.1   83384.6   75298.8   56679.2   30270.8   3574.49   
3500   After BKG Forward:   1843.03   15959.5   30003.4   39773.8   43953.2   39324.6   29460.6   15599.2   1807.29   
3500   After BKG Backward:   1795.82   15203.9   27180   36100.3   39431.5   35974.2   27218.6   14671.6   1767.2   
3500   Efficiency Reweight:   1.06807   1.08889   1.04604   1.00318   1   1.0024   1.04071   1.0637   1.01934   
3500   After Matrix:   3613.05   31007.6   57129.7   76015.9   83590.5   75473.9   56627   30047.6   3563.25   
3500   After Matrix Forward:   1829.07   15865.8   29989.5   39837   44085   39405.9   29432.3   15480.1   1800.28   
3500   After Matrix Backward:   1783.98   15141.7   27140.2   36178.9   39505.5   36068.1   27194.6   14567.5   1762.98   
3500   Overall Efficiency:   0.84439   0.86012   0.778581   0.749997   0.726933   0.736648   0.766494   0.831528   0.788471   
3500   Result:   0.0078219   0.0659006   0.134134   0.185279   0.210205   0.187291   0.13505   0.0660563   0.00826118   
3500   Result Forward:   0.00395976   0.0337198   0.070412   0.0970974   0.110861   0.0977872   0.0701935   0.0340313   0.00417383   
3500   Result Backward:   0.00386214   0.0321808   0.0637222   0.0881813   0.0993446   0.0895042   0.0648568   0.032025   0.00408735   
4000   Random Data:   3463   30882   56929   76239   83736   75388   56704   30567   3525   
4000   Random Data Forward:   1785   15981   29810   40109   44077   39574   29590   15779   1816   
4000   Random Data Backward:   1678   14901   27119   36130   39659   35814   27114   14788   1709   
4000   After BKG:   3459.95   30820.7   56628.7   75498   82672.1   74490.9   56448.7   30506.2   3521.4   
4000   After BKG Forward:   1783.63   15950.1   29656.8   39736.4   43541.2   39122.8   29459.4   15746.9   1815   
4000   After BKG Backward:   1676.32   14870.6   26971.9   35761.6   39130.9   35368.1   26989.3   14759.3   1706.4   
4000   Efficiency Reweight:   1.01367   1.01142   1.04689   1.0015   1   1.00952   1.04027   0.989667   1.00376   
4000   After Matrix:   3432.46   30696.6   56652.7   75661.5   82761.7   74614.5   56363.4   30361.8   3503.12   
4000   After Matrix Forward:   1769.17   15879.1   29669.6   39827   43593.3   39190.4   29412.8   15665.8   1805.5   
4000   After Matrix Backward:   1663.3   14817.6   26983   35834.5   39168.4   35424.1   26950.6   14696   1697.62   
4000   Overall Efficiency:   0.75574   0.783896   0.741292   0.737885   0.733179   0.738348   0.739888   0.766082   0.742932   
4000   Result:   0.00815229   0.0702875   0.137176   0.184049   0.202612   0.181388   0.136734   0.0711375   0.00846354   
4000   Result Forward:   0.00420187   0.0363591   0.0718405   0.0968802   0.106723   0.095272   0.0713538   0.0367048   0.00436209   
4000   Result Backward:   0.00395042   0.0339285   0.0653353   0.0871685   0.0958896   0.086116   0.0653806   0.0344327   0.00410145   
4500   Random Data:   3441   31041   57130   76101   83305   75575   56326   30652   3565   
4500   Random Data Forward:   1835   16155   30105   40096   43884   39693   29307   15842   1828   
4500   Random Data Backward:   1606   14886   27025   36005   39421   35882   27019   14810   1737   
4500   After BKG:   3437.99   30979.1   56813.8   75316.7   82170.2   74593.1   56057.7   30590.2   3561.48   
4500   After BKG Forward:   1833.65   16123.8   29943.8   39701.8   43313.2   39199.6   29170.2   15809.5   1827.01   
4500   After BKG Backward:   1604.33   14855.3   26870   35614.8   38857   35393.5   26887.6   14780.8   1734.47   
4500   Efficiency Reweight:   0.947584   1.05774   1.00154   0.996921   1   0.992003   1.01028   1.03313   0.952715   
4500   After Matrix:   3423.47   30850.4   56828.6   75478.7   82310.6   74633.6   56016.2   30427.1   3552.71   
4500   After Matrix Forward:   1828.03   16047.4   29958.2   39787.1   43391.5   39227.3   29139.8   15721.7   1822   
4500   After Matrix Backward:   1595.44   14803   26870.4   35691.7   38919.1   35406.3   26876.3   14705.3   1730.71   
4500   Overall Efficiency:   0.696454   0.777589   0.728281   0.711781   0.703964   0.718726   0.724643   0.766484   0.701733   
4500   Result:   0.00860131   0.0694227   0.13654   0.185553   0.204596   0.181703   0.135263   0.0694622   0.00885887   
4500   Result Forward:   0.00459284   0.0361115   0.0719793   0.0978107   0.107856   0.0955027   0.0703645   0.0358913   0.00454325   
4500   Result Backward:   0.00400847   0.0333111   0.0645604   0.0877428   0.0967394   0.0862002   0.0648988   0.0335709   0.00431563   
