********* ZmmAna begin! *********
********* Attention:it is   QCD_num   running now********
Info in <TCanvas::MakeDefCanvas>:  created default TCanvas with name c1
Warning in <TCanvas::Constructor>: Deleting canvas with same name: c1
Running:Starting Rootfile1
entryNumber = 50310
Running: Free Rootfile1
Running:Starting Rootfile2
entryNumber = 50971
Running: Free Rootfile2
Warning in <TFile::Init>: file /lustre/AtlUser/cwang/DZeroData/ZmumuData/BKGMC/W0lpBKG/IIb_W0lp_20161210072105-20093150.d0cabsrv1.fnal.gov/Ztree.root probably not closed, trying to recover
Info in <TFile::Recover>: /lustre/AtlUser/cwang/DZeroData/ZmumuData/BKGMC/W0lpBKG/IIb_W0lp_20161210072105-20093150.d0cabsrv1.fnal.gov/Ztree.root, recovered key TTree:Ztree at address 30496963
Warning in <TFile::Init>: successfully recovered 1 keys
Running:Starting Rootfile3
entryNumber = 44576
Running: Free Rootfile3
Running:Starting Rootfile4
entryNumber = 51448
Running: Free Rootfile4
Running:Starting Rootfile5
entryNumber = 50894
Running: Free Rootfile5
Running:Starting Rootfile6
entryNumber = 50586
Running: Free Rootfile6
Running:Starting Rootfile7
entryNumber = 49879
Running: Free Rootfile7
Running:Starting Rootfile8
entryNumber = 50381
Running: Free Rootfile8
Running:Starting Rootfile9
entryNumber = 50090
Running: Free Rootfile9
Running:Starting Rootfile10
entryNumber = 51024
Running: Free Rootfile10
Running:Starting Rootfile11
entryNumber = 50724
Running: Free Rootfile11
Running:Starting Rootfile12
entryNumber = 50739
Running: Free Rootfile12
Running:Starting Rootfile13
entryNumber = 50826
Running: Free Rootfile13
Running:Starting Rootfile14
entryNumber = 50973
Running: Free Rootfile14
Running:Starting Rootfile15
entryNumber = 50483
Running: Free Rootfile15
Running:Starting Rootfile16
entryNumber = 50756
Running: Free Rootfile16
Running:Starting Rootfile17
entryNumber = 50854
Running: Free Rootfile17
Running:Starting Rootfile18
entryNumber = 51252
Running: Free Rootfile18
Running:Starting Rootfile19
entryNumber = 50978
Running: Free Rootfile19
Running:Starting Rootfile20
entryNumber = 50568
Running: Free Rootfile20
Running:Starting Rootfile21
entryNumber = 51322
Running: Free Rootfile21
Running:Starting Rootfile22
entryNumber = 50560
Running: Free Rootfile22
Running:Starting Rootfile23
entryNumber = 50366
Running: Free Rootfile23
Running:Starting Rootfile24
entryNumber = 50255
Running: Free Rootfile24
Running:Starting Rootfile25
entryNumber = 50236
Running: Free Rootfile25
Running:Starting Rootfile26
entryNumber = 50642
Running: Free Rootfile26
Running:Starting Rootfile27
entryNumber = 51300
Running: Free Rootfile27
Running:Starting Rootfile28
entryNumber = 50280
Running: Free Rootfile28
Running:Starting Rootfile29
entryNumber = 51143
Running: Free Rootfile29
Running:Starting Rootfile30
entryNumber = 51310
Running: Free Rootfile30
Running:Starting Rootfile31
entryNumber = 49595
Running: Free Rootfile31
Running:Starting Rootfile32
entryNumber = 50629
Running: Free Rootfile32
Running:Starting Rootfile33
entryNumber = 51496

 *** Break *** segmentation violation



===========================================================
There was a crash.
This is the entire stack trace of all threads:
===========================================================
#0  0x0000003b3aaac82e in waitpid () from /lib64/libc.so.6
#1  0x0000003b3aa3e479 in do_system () from /lib64/libc.so.6
#2  0x00007f2791442ebd in TUnixSystem::StackTrace() () from /cvmfs/sft.cern.ch/lcg/releases/LCG_94/ROOT/6.14.04/x86_64-slc6-gcc62-opt/lib/libCore.so
#3  0x00007f2791445624 in TUnixSystem::DispatchSignals(ESignals) () from /cvmfs/sft.cern.ch/lcg/releases/LCG_94/ROOT/6.14.04/x86_64-slc6-gcc62-opt/lib/libCore.so
#4  <signal handler called>
#5  0x000000000040eabd in ZmmAna::Loop(char const*) ()
#6  0x0000000000404399 in main ()
===========================================================


The lines below might hint at the cause of the crash.
You may get help by asking at the ROOT forum http://root.cern.ch/forum
Only if you are really convinced it is a bug in ROOT then please submit a
report at http://root.cern.ch/bugs Please post the ENTIRE stack trace
from above as an attachment in addition to anything else
that might help us fixing this issue.
===========================================================
#5  0x000000000040eabd in ZmmAna::Loop(char const*) ()
#6  0x0000000000404399 in main ()
===========================================================


