********* ZmmAna begin! *********
********* Attention:it is   QCD_num   running now********
Info in <TCanvas::MakeDefCanvas>:  created default TCanvas with name c1
Warning in <TCanvas::Constructor>: Deleting canvas with same name: c1
Running:Starting Rootfile1
entryNumber = 50381
Running: Free Rootfile1
Running:Starting Rootfile2
entryNumber = 50649
Running: Free Rootfile2
Running:Starting Rootfile3
entryNumber = 50353
Running: Free Rootfile3
Running:Starting Rootfile4
entryNumber = 50548
Running: Free Rootfile4
Running:Starting Rootfile5
entryNumber = 49782
Running: Free Rootfile5
Running:Starting Rootfile6
entryNumber = 50765
Running: Free Rootfile6
Running:Starting Rootfile7
entryNumber = 50222
Running: Free Rootfile7
Running:Starting Rootfile8
entryNumber = 50359
Running: Free Rootfile8
Running:Starting Rootfile9
entryNumber = 49787
Running: Free Rootfile9
Running:Starting Rootfile10
entryNumber = 50778
Running: Free Rootfile10
Running:Starting Rootfile11
entryNumber = 50504
Running: Free Rootfile11
Running:Starting Rootfile12
entryNumber = 50752
Running: Free Rootfile12
Running:Starting Rootfile13
entryNumber = 50696
Running: Free Rootfile13
Running:Starting Rootfile14
entryNumber = 49699
Running: Free Rootfile14
Running:Starting Rootfile15
entryNumber = 50400
Running: Free Rootfile15
Running:Starting Rootfile16
entryNumber = 49954
Running: Free Rootfile16
Running:Starting Rootfile17
entryNumber = 51417
Running: Free Rootfile17
Running:Starting Rootfile18
entryNumber = 49742
Running: Free Rootfile18
Running:Starting Rootfile19
entryNumber = 50371
Running: Free Rootfile19
Running:Starting Rootfile20
entryNumber = 50116
Running: Free Rootfile20
Running:Starting Rootfile21
entryNumber = 50541
Running: Free Rootfile21
Running:Starting Rootfile22
entryNumber = 50961
Running: Free Rootfile22
Running:Starting Rootfile23
entryNumber = 50271
Running: Free Rootfile23
Running:Starting Rootfile24
entryNumber = 50399
Running: Free Rootfile24
Running:Starting Rootfile25
entryNumber = 50869
Running: Free Rootfile25
Running:Starting Rootfile26
entryNumber = 50582
Running: Free Rootfile26
Running:Starting Rootfile27
entryNumber = 49867
Running: Free Rootfile27
Running:Starting Rootfile28
entryNumber = 50219
Running: Free Rootfile28
Running:Starting Rootfile29
entryNumber = 50624

 *** Break *** segmentation violation



===========================================================
There was a crash.
This is the entire stack trace of all threads:
===========================================================
#0  0x0000003b3aaac82e in waitpid () from /lib64/libc.so.6
#1  0x0000003b3aa3e479 in do_system () from /lib64/libc.so.6
#2  0x00007fee04efaebd in TUnixSystem::StackTrace() () from /cvmfs/sft.cern.ch/lcg/releases/LCG_94/ROOT/6.14.04/x86_64-slc6-gcc62-opt/lib/libCore.so
#3  0x00007fee04efd624 in TUnixSystem::DispatchSignals(ESignals) () from /cvmfs/sft.cern.ch/lcg/releases/LCG_94/ROOT/6.14.04/x86_64-slc6-gcc62-opt/lib/libCore.so
#4  <signal handler called>
#5  0x000000000040eabd in ZmmAna::Loop(char const*) ()
#6  0x0000000000404399 in main ()
===========================================================


The lines below might hint at the cause of the crash.
You may get help by asking at the ROOT forum http://root.cern.ch/forum
Only if you are really convinced it is a bug in ROOT then please submit a
report at http://root.cern.ch/bugs Please post the ENTIRE stack trace
from above as an attachment in addition to anything else
that might help us fixing this issue.
===========================================================
#5  0x000000000040eabd in ZmmAna::Loop(char const*) ()
#6  0x0000000000404399 in main ()
===========================================================


