********* ZmmAna begin! *********
********* Attention:it is   Normal   running now********
Info in <TCanvas::MakeDefCanvas>:  created default TCanvas with name c1
Warning in <TCanvas::Constructor>: Deleting canvas with same name: c1
Running:Starting Rootfile1
entryNumber = 50381
Running: Free Rootfile1
Running:Starting Rootfile2
entryNumber = 50649
Running: Free Rootfile2
Running:Starting Rootfile3
entryNumber = 50353
Running: Free Rootfile3
Running:Starting Rootfile4
entryNumber = 50548
Running: Free Rootfile4
Running:Starting Rootfile5
entryNumber = 49782
Running: Free Rootfile5
Running:Starting Rootfile6
entryNumber = 50765
Running: Free Rootfile6
Running:Starting Rootfile7
entryNumber = 50222
Running: Free Rootfile7
Running:Starting Rootfile8
entryNumber = 50359
Running: Free Rootfile8
Running:Starting Rootfile9
entryNumber = 49787
Running: Free Rootfile9
Running:Starting Rootfile10
entryNumber = 50778
Running: Free Rootfile10
Running:Starting Rootfile11
entryNumber = 50504
Running: Free Rootfile11
Running:Starting Rootfile12
entryNumber = 50752
Running: Free Rootfile12
Running:Starting Rootfile13
entryNumber = 50696
Running: Free Rootfile13
Running:Starting Rootfile14
entryNumber = 49699
Running: Free Rootfile14
Running:Starting Rootfile15
entryNumber = 50400
Running: Free Rootfile15
Running:Starting Rootfile16
entryNumber = 49954
Running: Free Rootfile16
Running:Starting Rootfile17
entryNumber = 51417
Running: Free Rootfile17
Running:Starting Rootfile18
entryNumber = 49742
Running: Free Rootfile18
Running:Starting Rootfile19
entryNumber = 50371
Running: Free Rootfile19
Running:Starting Rootfile20
entryNumber = 50116
Running: Free Rootfile20
Running:Starting Rootfile21
entryNumber = 50541
Running: Free Rootfile21
Running:Starting Rootfile22
entryNumber = 50961
Running: Free Rootfile22
Running:Starting Rootfile23
entryNumber = 50271
Running: Free Rootfile23
Running:Starting Rootfile24
entryNumber = 50399
Running: Free Rootfile24
Running:Starting Rootfile25
entryNumber = 50869
Running: Free Rootfile25
Running:Starting Rootfile26
entryNumber = 50582
Running: Free Rootfile26
Running:Starting Rootfile27
entryNumber = 49867
Running: Free Rootfile27
Running:Starting Rootfile28
entryNumber = 50219
Running: Free Rootfile28
Running:Starting Rootfile29
entryNumber = 50624
Running: Free Rootfile29
Running:Starting Rootfile30
entryNumber = 50287
Running: Free Rootfile30
Running:Starting Rootfile31
entryNumber = 51092
Running: Free Rootfile31
Running:Starting Rootfile32
entryNumber = 49906
Running: Free Rootfile32
Running:Starting Rootfile33
entryNumber = 50969
Running: Free Rootfile33
Running:Starting Rootfile34
entryNumber = 50024
Running: Free Rootfile34
Running:Starting Rootfile35
entryNumber = 50434
Running: Free Rootfile35
Running:Starting Rootfile36
entryNumber = 50119
Running: Free Rootfile36
Running:Starting Rootfile37
entryNumber = 49859
Running: Free Rootfile37
Running:Starting Rootfile38
entryNumber = 50442
Running: Free Rootfile38
Running:Starting Rootfile39
entryNumber = 49786
Running: Free Rootfile39
Running:Starting Rootfile40
entryNumber = 49738
Running: Free Rootfile40
Running:Starting Rootfile41
entryNumber = 50354
Running: Free Rootfile41
Running:Starting Rootfile42
entryNumber = 50266
Running: Free Rootfile42
Running:Starting Rootfile43
entryNumber = 50780
Running: Free Rootfile43
Running:Starting Rootfile44
entryNumber = 50933
Running: Free Rootfile44
Running:Starting Rootfile45
entryNumber = 50721
Running: Free Rootfile45
Running:Starting Rootfile46
entryNumber = 49826
Running: Free Rootfile46
Running:Starting Rootfile47
entryNumber = 49889
Running: Free Rootfile47
Running:Starting Rootfile48
entryNumber = 47566
Running: Free Rootfile48
Running:Starting Rootfile49
entryNumber = 50566
Running: Free Rootfile49
Running:Starting Rootfile50
entryNumber = 51403
Running: Free Rootfile50

total event number:2.51657e+06

Running:50files in total readed!
Running: histgrams saved!
********* ZmmAna finish! *********
