********* ZmmAna begin! *********
********* Attention:it is   Normal   running now********
Info in <TCanvas::MakeDefCanvas>:  created default TCanvas with name c1
Warning in <TCanvas::Constructor>: Deleting canvas with same name: c1
Running:Starting Rootfile1
entryNumber = 59035
Running: Free Rootfile1
Running:Starting Rootfile2
entryNumber = 58768
Running: Free Rootfile2
Running:Starting Rootfile3
entryNumber = 57617
Running: Free Rootfile3
Running:Starting Rootfile4
entryNumber = 59468
Running: Free Rootfile4
Running:Starting Rootfile5
entryNumber = 58843
Running: Free Rootfile5
Running:Starting Rootfile6
entryNumber = 59641
Running: Free Rootfile6
Running:Starting Rootfile7
entryNumber = 58457
Running: Free Rootfile7
Running:Starting Rootfile8
entryNumber = 60728
Running: Free Rootfile8
Running:Starting Rootfile9
entryNumber = 57709
Running: Free Rootfile9
Running:Starting Rootfile10
entryNumber = 59342
Running: Free Rootfile10
Running:Starting Rootfile11
entryNumber = 59151
Running: Free Rootfile11
Running:Starting Rootfile12
entryNumber = 58997
Running: Free Rootfile12
Running:Starting Rootfile13
entryNumber = 60368
Running: Free Rootfile13
Running:Starting Rootfile14
entryNumber = 60796
Running: Free Rootfile14
Running:Starting Rootfile15
entryNumber = 50927
Running: Free Rootfile15
Running:Starting Rootfile16
entryNumber = 58012
Running: Free Rootfile16
Running:Starting Rootfile17
entryNumber = 58600
Running: Free Rootfile17
Running:Starting Rootfile18
entryNumber = 59236
Running: Free Rootfile18
Running:Starting Rootfile19
entryNumber = 58419
Running: Free Rootfile19
Running:Starting Rootfile20
entryNumber = 58241
Running: Free Rootfile20
Running:Starting Rootfile21
entryNumber = 58695
Running: Free Rootfile21
Running:Starting Rootfile22
entryNumber = 58227
Running: Free Rootfile22
Running:Starting Rootfile23
entryNumber = 60617
Running: Free Rootfile23
Running:Starting Rootfile24
entryNumber = 59885
Running: Free Rootfile24
Running:Starting Rootfile25
entryNumber = 59935
Running: Free Rootfile25
Running:Starting Rootfile26
entryNumber = 58911
Running: Free Rootfile26
Running:Starting Rootfile27
entryNumber = 59765
Running: Free Rootfile27
Running:Starting Rootfile28
entryNumber = 58781
Running: Free Rootfile28
Running:Starting Rootfile29
entryNumber = 58421
Running: Free Rootfile29
Running:Starting Rootfile30
entryNumber = 59590
Running: Free Rootfile30
Running:Starting Rootfile31
entryNumber = 59043
Running: Free Rootfile31
Running:Starting Rootfile32
entryNumber = 58842
Running: Free Rootfile32
Running:Starting Rootfile33
entryNumber = 57921
Running: Free Rootfile33
Running:Starting Rootfile34
entryNumber = 58719
Running: Free Rootfile34
Running:Starting Rootfile35
entryNumber = 58614
Running: Free Rootfile35
Running:Starting Rootfile36
entryNumber = 57783
Running: Free Rootfile36
Running:Starting Rootfile37
entryNumber = 58779
Running: Free Rootfile37
Running:Starting Rootfile38
entryNumber = 58280
Running: Free Rootfile38
Running:Starting Rootfile39
entryNumber = 58873
Running: Free Rootfile39
Running:Starting Rootfile40
entryNumber = 58064
Running: Free Rootfile40
Running:Starting Rootfile41
entryNumber = 58573
Running: Free Rootfile41
Running:Starting Rootfile42
entryNumber = 58240
Running: Free Rootfile42
Running:Starting Rootfile43
entryNumber = 58857
Running: Free Rootfile43
Running:Starting Rootfile44
entryNumber = 58783
Running: Free Rootfile44
Running:Starting Rootfile45
entryNumber = 0
****** this tree has no event, skip to next!!! ******
Running:Starting Rootfile46
entryNumber = 57575
Running: Free Rootfile46
Running:Starting Rootfile47
entryNumber = 59674
Running: Free Rootfile47
Running:Starting Rootfile48
entryNumber = 58988
Running: Free Rootfile48
Running:Starting Rootfile49
entryNumber = 58344
Running: Free Rootfile49
Running:Starting Rootfile50
entryNumber = 59126
Running: Free Rootfile50

total event number:2.87826e+06

Running:50files in total readed!
Running: histgrams saved!
********* ZmmAna finish! *********
