********* ZmmAna begin! *********
Info in <TCanvas::MakeDefCanvas>:  created default TCanvas with name c1
Warning in <TCanvas::Constructor>: Deleting canvas with same name: c1
Running:Starting Rootfile1
entryNumber = 43061
Running: Free Rootfile1
Running:Starting Rootfile2
entryNumber = 43991
Running: Free Rootfile2
Running:Starting Rootfile3
entryNumber = 59483
Running: Free Rootfile3
Running:Starting Rootfile4
entryNumber = 25991
Running: Free Rootfile4
Running:Starting Rootfile5
entryNumber = 55412
Running: Free Rootfile5
Running:Starting Rootfile6
entryNumber = 30509
Running: Free Rootfile6
Running:Starting Rootfile7
entryNumber = 60728
Running: Free Rootfile7
Running:Starting Rootfile8
entryNumber = 25703
Running: Free Rootfile8
Running:Starting Rootfile9
entryNumber = 36073
Running: Free Rootfile9
Running:Starting Rootfile10
entryNumber = 51140
Running: Free Rootfile10
Running:Starting Rootfile11
entryNumber = 38687
Running: Free Rootfile11
Running:Starting Rootfile12
entryNumber = 48215
Running: Free Rootfile12
Running:Starting Rootfile13
entryNumber = 43301
Running: Free Rootfile13
Running:Starting Rootfile14
entryNumber = 43198
Running: Free Rootfile14
Running:Starting Rootfile15
entryNumber = 55643
Running: Free Rootfile15
Running:Starting Rootfile16
entryNumber = 30680
Running: Free Rootfile16
Running:Starting Rootfile17
entryNumber = 47656
Running: Free Rootfile17
Running:Starting Rootfile18
entryNumber = 38252
Running: Free Rootfile18
Running:Starting Rootfile19
entryNumber = 33839
Running: Free Rootfile19
Running:Starting Rootfile20
entryNumber = 52454
Running: Free Rootfile20
Running:Starting Rootfile21
entryNumber = 64592
Running: Free Rootfile21
Running:Starting Rootfile22
entryNumber = 21640
Running: Free Rootfile22
Running:Starting Rootfile23
entryNumber = 49418
Running: Free Rootfile23
Running:Starting Rootfile24
entryNumber = 38716
Running: Free Rootfile24
Running:Starting Rootfile25
entryNumber = 38636
Running: Free Rootfile25
Running:Starting Rootfile26
entryNumber = 47279
Running: Free Rootfile26
Running:Starting Rootfile27
entryNumber = 33891
Running: Free Rootfile27
Running:Starting Rootfile28
entryNumber = 51889
Running: Free Rootfile28
Running:Starting Rootfile29
entryNumber = 51731
Running: Free Rootfile29
Running:Starting Rootfile30
entryNumber = 34213
Running: Free Rootfile30
Running:Starting Rootfile31
entryNumber = 39710
Running: Free Rootfile31
Running:Starting Rootfile32
entryNumber = 46893
Running: Free Rootfile32
Running:Starting Rootfile33
entryNumber = 51017
Running: Free Rootfile33
Running:Starting Rootfile34
entryNumber = 42881
Running: Free Rootfile34
Running:Starting Rootfile35
entryNumber = 34478
Running: Free Rootfile35
Running:Starting Rootfile36
entryNumber = 50882
Running: Free Rootfile36
Running:Starting Rootfile37
entryNumber = 54932
Running: Free Rootfile37
Running:Starting Rootfile38
entryNumber = 32856
Running: Free Rootfile38
Running:Starting Rootfile39
entryNumber = 51684
Running: Free Rootfile39
Running:Starting Rootfile40
entryNumber = 34174
Running: Free Rootfile40
Running:Starting Rootfile41
entryNumber = 56282
Running: Free Rootfile41
Running:Starting Rootfile42
entryNumber = 30057
Running: Free Rootfile42
Running:Starting Rootfile43
entryNumber = 29190
Running: Free Rootfile43
Running:Starting Rootfile44
entryNumber = 56112
Running: Free Rootfile44
Running:Starting Rootfile45
entryNumber = 46835
Running: Free Rootfile45
Running:Starting Rootfile46
entryNumber = 39401
Running: Free Rootfile46
Running:Starting Rootfile47
entryNumber = 39365
Running: Free Rootfile47
Running:Starting Rootfile48
entryNumber = 43291
Running: Free Rootfile48
Running:Starting Rootfile49
entryNumber = 44309
Running: Free Rootfile49
Running:Starting Rootfile50
entryNumber = 42593
Running: Free Rootfile50

total event number:2.16296e+06

Running:50files in total readed!
Running: histgrams saved!
********* ZmmAna finish! *********
