********* ZmmAna begin! *********
********* Attention:it is   Normal   running now********
Info in <TCanvas::MakeDefCanvas>:  created default TCanvas with name c1
Warning in <TCanvas::Constructor>: Deleting canvas with same name: c1
Running:Starting Rootfile1
entryNumber = 50772
Running: Free Rootfile1
Running:Starting Rootfile2
entryNumber = 50758
Running: Free Rootfile2
Running:Starting Rootfile3
entryNumber = 51744
Running: Free Rootfile3
Running:Starting Rootfile4
entryNumber = 50803
Running: Free Rootfile4
Running:Starting Rootfile5
entryNumber = 50823
Running: Free Rootfile5
Running:Starting Rootfile6
entryNumber = 50506
Running: Free Rootfile6
Running:Starting Rootfile7
entryNumber = 51606
Running: Free Rootfile7
Running:Starting Rootfile8
entryNumber = 50803
Running: Free Rootfile8
Running:Starting Rootfile9
entryNumber = 49943
Running: Free Rootfile9
Running:Starting Rootfile10
entryNumber = 50222
Running: Free Rootfile10
Running:Starting Rootfile11
entryNumber = 52628
Running: Free Rootfile11
Running:Starting Rootfile12
entryNumber = 51027
Running: Free Rootfile12
Running:Starting Rootfile13
entryNumber = 50767
Running: Free Rootfile13
Running:Starting Rootfile14
entryNumber = 49874
Running: Free Rootfile14
Running:Starting Rootfile15
entryNumber = 49779
Running: Free Rootfile15
Running:Starting Rootfile16
entryNumber = 51383
Running: Free Rootfile16
Running:Starting Rootfile17
entryNumber = 50282
Running: Free Rootfile17
Running:Starting Rootfile18
entryNumber = 52236
Running: Free Rootfile18
Running:Starting Rootfile19
entryNumber = 50406
Running: Free Rootfile19
Running:Starting Rootfile20
entryNumber = 50579
Running: Free Rootfile20
Running:Starting Rootfile21
entryNumber = 52028
Running: Free Rootfile21
Running:Starting Rootfile22
entryNumber = 50985
Running: Free Rootfile22
Running:Starting Rootfile23
entryNumber = 51627
Running: Free Rootfile23
Running:Starting Rootfile24
entryNumber = 52599
Running: Free Rootfile24
Running:Starting Rootfile25
entryNumber = 50145
Running: Free Rootfile25
Running:Starting Rootfile26
entryNumber = 52526
Running: Free Rootfile26
Running:Starting Rootfile27
entryNumber = 50060
Running: Free Rootfile27
Running:Starting Rootfile28
entryNumber = 50500
Running: Free Rootfile28
Running:Starting Rootfile29
entryNumber = 50241
Running: Free Rootfile29
Running:Starting Rootfile30
entryNumber = 54397
Running: Free Rootfile30
Running:Starting Rootfile31
entryNumber = 50694
Running: Free Rootfile31
Running:Starting Rootfile32
entryNumber = 50250
Running: Free Rootfile32
Running:Starting Rootfile33
entryNumber = 50400
Running: Free Rootfile33
Running:Starting Rootfile34
entryNumber = 50975
Running: Free Rootfile34
Running:Starting Rootfile35
entryNumber = 50292
Running: Free Rootfile35
Running:Starting Rootfile36
entryNumber = 52985
Running: Free Rootfile36
Running:Starting Rootfile37
entryNumber = 50816
Running: Free Rootfile37
Running:Starting Rootfile38
entryNumber = 49941
Running: Free Rootfile38
Running:Starting Rootfile39
entryNumber = 50238
Running: Free Rootfile39
Running:Starting Rootfile40
entryNumber = 51615
Running: Free Rootfile40
Running:Starting Rootfile41
entryNumber = 51469
Running: Free Rootfile41
Running:Starting Rootfile42
entryNumber = 50457
Running: Free Rootfile42
Running:Starting Rootfile43
entryNumber = 50713
Running: Free Rootfile43
Running:Starting Rootfile44
entryNumber = 50076
Running: Free Rootfile44
Running:Starting Rootfile45
entryNumber = 51033
Running: Free Rootfile45
Running:Starting Rootfile46
entryNumber = 49752
Running: Free Rootfile46
Running:Starting Rootfile47
entryNumber = 50167
Running: Free Rootfile47
Running:Starting Rootfile48
entryNumber = 51448
Running: Free Rootfile48
Running:Starting Rootfile49
entryNumber = 50205
Running: Free Rootfile49
Running:Starting Rootfile50
entryNumber = 51629
Running: Free Rootfile50

total event number:2.5472e+06

Running:50files in total readed!
Running: histgrams saved!
********* ZmmAna finish! *********
