********* ZmmAna begin! *********
********* Attention:it is   Normal   running now********
Info in <TCanvas::MakeDefCanvas>:  created default TCanvas with name c1
Warning in <TCanvas::Constructor>: Deleting canvas with same name: c1
Running:Starting Rootfile1
entryNumber = 50793
Running: Free Rootfile1
Running:Starting Rootfile2
entryNumber = 50306
Running: Free Rootfile2
Running:Starting Rootfile3
entryNumber = 50195
Running: Free Rootfile3
Running:Starting Rootfile4
entryNumber = 49916
Running: Free Rootfile4
Running:Starting Rootfile5
entryNumber = 50182
Running: Free Rootfile5
Running:Starting Rootfile6
entryNumber = 50354
Running: Free Rootfile6
Running:Starting Rootfile7
entryNumber = 52290
Running: Free Rootfile7
Running:Starting Rootfile8
entryNumber = 50018
Running: Free Rootfile8
Running:Starting Rootfile9
entryNumber = 50585
Running: Free Rootfile9
Running:Starting Rootfile10
entryNumber = 49929
Running: Free Rootfile10
Running:Starting Rootfile11
entryNumber = 50965
Running: Free Rootfile11
Running:Starting Rootfile12
entryNumber = 52234
Running: Free Rootfile12
Running:Starting Rootfile13
entryNumber = 49753
Running: Free Rootfile13
Running:Starting Rootfile14
entryNumber = 49860
Running: Free Rootfile14
Running:Starting Rootfile15
entryNumber = 51752
Running: Free Rootfile15
Running:Starting Rootfile16
entryNumber = 50719
Running: Free Rootfile16
Running:Starting Rootfile17
entryNumber = 46734
Running: Free Rootfile17
Running:Starting Rootfile18
entryNumber = 51946
Running: Free Rootfile18
Running:Starting Rootfile19
entryNumber = 50921
Running: Free Rootfile19
Running:Starting Rootfile20
entryNumber = 50035
Running: Free Rootfile20
Running:Starting Rootfile21
entryNumber = 50578
Running: Free Rootfile21
Running:Starting Rootfile22
entryNumber = 46609
Running: Free Rootfile22
Running:Starting Rootfile23
entryNumber = 50154
Running: Free Rootfile23
Running:Starting Rootfile24
entryNumber = 51057
Running: Free Rootfile24
Running:Starting Rootfile25
entryNumber = 50935
Running: Free Rootfile25
Running:Starting Rootfile26
entryNumber = 51761
Running: Free Rootfile26
Running:Starting Rootfile27
entryNumber = 49768
Running: Free Rootfile27
Running:Starting Rootfile28
entryNumber = 51432
Running: Free Rootfile28
Running:Starting Rootfile29
entryNumber = 39937
Running: Free Rootfile29
Running:Starting Rootfile30
entryNumber = 51831
Running: Free Rootfile30
Running:Starting Rootfile31
entryNumber = 50845
Running: Free Rootfile31
Running:Starting Rootfile32
entryNumber = 42704
Running: Free Rootfile32
Running:Starting Rootfile33
entryNumber = 51401
Running: Free Rootfile33
Running:Starting Rootfile34
entryNumber = 52236
Running: Free Rootfile34
Running:Starting Rootfile35
entryNumber = 51215
Running: Free Rootfile35
Running:Starting Rootfile36
entryNumber = 50634
Running: Free Rootfile36
Running:Starting Rootfile37
entryNumber = 40260
Running: Free Rootfile37
Running:Starting Rootfile38
entryNumber = 50107
Running: Free Rootfile38
Running:Starting Rootfile39
entryNumber = 50139
Running: Free Rootfile39
Running:Starting Rootfile40
entryNumber = 49748
Running: Free Rootfile40
Running:Starting Rootfile41
entryNumber = 50491
Running: Free Rootfile41
Running:Starting Rootfile42
entryNumber = 50455
Running: Free Rootfile42
Running:Starting Rootfile43
entryNumber = 50477
Running: Free Rootfile43
Running:Starting Rootfile44
entryNumber = 50805
Running: Free Rootfile44
Running:Starting Rootfile45
entryNumber = 51635
Running: Free Rootfile45
Running:Starting Rootfile46
entryNumber = 50329
Running: Free Rootfile46
Running:Starting Rootfile47
entryNumber = 47592
Running: Free Rootfile47
Running:Starting Rootfile48
entryNumber = 50152
Running: Free Rootfile48
Running:Starting Rootfile49
entryNumber = 50004
Running: Free Rootfile49
Running:Starting Rootfile50
entryNumber = 50000
Running: Free Rootfile50

total event number:2.49478e+06

Running:50files in total readed!
Running: histgrams saved!
********* ZmmAna finish! *********
