********* ZmmAna begin! *********
********* Attention:it is   Normal   running now********
Info in <TCanvas::MakeDefCanvas>:  created default TCanvas with name c1
Warning in <TCanvas::Constructor>: Deleting canvas with same name: c1
Running:Starting Rootfile1
entryNumber = 50758
Running: Free Rootfile1
Running:Starting Rootfile2
entryNumber = 50195
Running: Free Rootfile2
Running:Starting Rootfile3
entryNumber = 51936
Running: Free Rootfile3
Running:Starting Rootfile4
entryNumber = 51465
Running: Free Rootfile4
Running:Starting Rootfile5
entryNumber = 52241
Running: Free Rootfile5
Running:Starting Rootfile6
entryNumber = 50270
Running: Free Rootfile6
Running:Starting Rootfile7
entryNumber = 51653
Running: Free Rootfile7
Running:Starting Rootfile8
entryNumber = 51314
Running: Free Rootfile8
Warning in <TFile::Init>: file /lustre/AtlUser/cwang/DZeroData/ZmumuData/BKGMC/W0lpBKG/IIb_W0lp_20161210072413-20093357.d0cabsrv1.fnal.gov/Ztree.root probably not closed, trying to recover
Info in <TFile::Recover>: /lustre/AtlUser/cwang/DZeroData/ZmumuData/BKGMC/W0lpBKG/IIb_W0lp_20161210072413-20093357.d0cabsrv1.fnal.gov/Ztree.root, recovered key TTree:Ztree at address 25979355
Warning in <TFile::Init>: successfully recovered 1 keys
Running:Starting Rootfile9
entryNumber = 38208
Running: Free Rootfile9
Running:Starting Rootfile10
entryNumber = 50734
Running: Free Rootfile10
Running:Starting Rootfile11
entryNumber = 51785
Running: Free Rootfile11
Running:Starting Rootfile12
entryNumber = 51000
Running: Free Rootfile12
Running:Starting Rootfile13
entryNumber = 50523
Running: Free Rootfile13
Running:Starting Rootfile14
entryNumber = 53468
Running: Free Rootfile14
Running:Starting Rootfile15
entryNumber = 51193
Running: Free Rootfile15
Warning in <TFile::Init>: file /lustre/AtlUser/cwang/DZeroData/ZmumuData/BKGMC/W0lpBKG/IIb_W0lp_20161210072419-20093364.d0cabsrv1.fnal.gov/Ztree.root probably not closed, trying to recover
Info in <TFile::Recover>: /lustre/AtlUser/cwang/DZeroData/ZmumuData/BKGMC/W0lpBKG/IIb_W0lp_20161210072419-20093364.d0cabsrv1.fnal.gov/Ztree.root, recovered key TTree:Ztree at address 30318250
Warning in <TFile::Init>: successfully recovered 1 keys
Running:Starting Rootfile16
entryNumber = 44576
Running: Free Rootfile16
Warning in <TFile::Init>: file /lustre/AtlUser/cwang/DZeroData/ZmumuData/BKGMC/W0lpBKG/IIb_W0lp_20161210072420-20093365.d0cabsrv1.fnal.gov/Ztree.root probably not closed, trying to recover
Info in <TFile::Recover>: /lustre/AtlUser/cwang/DZeroData/ZmumuData/BKGMC/W0lpBKG/IIb_W0lp_20161210072420-20093365.d0cabsrv1.fnal.gov/Ztree.root, recovered key TTree:Ztree at address 30382030
Warning in <TFile::Init>: successfully recovered 1 keys
Running:Starting Rootfile17
entryNumber = 44576
Running: Free Rootfile17
Running:Starting Rootfile18
entryNumber = 50569
Running: Free Rootfile18
Running:Starting Rootfile19
entryNumber = 50670
Running: Free Rootfile19
Running:Starting Rootfile20
entryNumber = 50755
Running: Free Rootfile20
Running:Starting Rootfile21
entryNumber = 50897
Running: Free Rootfile21
Running:Starting Rootfile22
entryNumber = 51463
Running: Free Rootfile22
Running:Starting Rootfile23
entryNumber = 49881
Running: Free Rootfile23
Running:Starting Rootfile24
entryNumber = 51653
Running: Free Rootfile24
Running:Starting Rootfile25
entryNumber = 50936
Running: Free Rootfile25
Running:Starting Rootfile26
entryNumber = 51103
Running: Free Rootfile26
Running:Starting Rootfile27
entryNumber = 50566
Running: Free Rootfile27
Running:Starting Rootfile28
entryNumber = 50310
Running: Free Rootfile28
Running:Starting Rootfile29
entryNumber = 50655
Running: Free Rootfile29
Running:Starting Rootfile30
entryNumber = 50447
Running: Free Rootfile30
Running:Starting Rootfile31
entryNumber = 50534
Running: Free Rootfile31
Running:Starting Rootfile32
entryNumber = 50493
Running: Free Rootfile32
Running:Starting Rootfile33
entryNumber = 51016
Running: Free Rootfile33
Running:Starting Rootfile34
entryNumber = 52072
Running: Free Rootfile34
Running:Starting Rootfile35
entryNumber = 50225
Running: Free Rootfile35
Running:Starting Rootfile36
entryNumber = 49614
Running: Free Rootfile36
Running:Starting Rootfile37
entryNumber = 50485
Running: Free Rootfile37
Running:Starting Rootfile38
entryNumber = 52187
Running: Free Rootfile38
Running:Starting Rootfile39
entryNumber = 50545
Running: Free Rootfile39
Running:Starting Rootfile40
entryNumber = 51147
Running: Free Rootfile40
Running:Starting Rootfile41
entryNumber = 50693
Running: Free Rootfile41
Running:Starting Rootfile42
entryNumber = 50452
Running: Free Rootfile42
Running:Starting Rootfile43
entryNumber = 50749
Running: Free Rootfile43
Running:Starting Rootfile44
entryNumber = 51111
Running: Free Rootfile44
Running:Starting Rootfile45
entryNumber = 51300
Running: Free Rootfile45
Running:Starting Rootfile46
entryNumber = 51156
Running: Free Rootfile46
Running:Starting Rootfile47
entryNumber = 52181
Running: Free Rootfile47
Running:Starting Rootfile48
entryNumber = 50569
Running: Free Rootfile48
Running:Starting Rootfile49
entryNumber = 50921
Running: Free Rootfile49
Running:Starting Rootfile50
entryNumber = 50943
Running: Free Rootfile50

total event number:2.52419e+06

Running:50files in total readed!
Running: histgrams saved!
********* ZmmAna finish! *********
