********* ZmmAna begin! *********
********* Attention:it is   Normal   running now********
Info in <TCanvas::MakeDefCanvas>:  created default TCanvas with name c1
Warning in <TCanvas::Constructor>: Deleting canvas with same name: c1
Running:Starting Rootfile1
entryNumber = 50631
Running: Free Rootfile1
Running:Starting Rootfile2
entryNumber = 50258
Running: Free Rootfile2
Running:Starting Rootfile3
entryNumber = 51131
Running: Free Rootfile3
Running:Starting Rootfile4
entryNumber = 50698
Running: Free Rootfile4
Running:Starting Rootfile5
entryNumber = 50620
Running: Free Rootfile5
Running:Starting Rootfile6
entryNumber = 50257
Running: Free Rootfile6
Running:Starting Rootfile7
entryNumber = 51093
Running: Free Rootfile7
Running:Starting Rootfile8
entryNumber = 50234
Running: Free Rootfile8
Running:Starting Rootfile9
entryNumber = 51310
Running: Free Rootfile9
Running:Starting Rootfile10
entryNumber = 50598
Running: Free Rootfile10
Running:Starting Rootfile11
entryNumber = 50526
Running: Free Rootfile11
Running:Starting Rootfile12
entryNumber = 50593
Running: Free Rootfile12
Running:Starting Rootfile13
entryNumber = 49340
Running: Free Rootfile13
Running:Starting Rootfile14
entryNumber = 50922
Running: Free Rootfile14
Running:Starting Rootfile15
entryNumber = 50369
Running: Free Rootfile15
Running:Starting Rootfile16
entryNumber = 50456
Running: Free Rootfile16
Running:Starting Rootfile17
entryNumber = 50375
Running: Free Rootfile17
Running:Starting Rootfile18
entryNumber = 50625
Running: Free Rootfile18
Running:Starting Rootfile19
entryNumber = 50146
Running: Free Rootfile19
Running:Starting Rootfile20
entryNumber = 51118
Running: Free Rootfile20
Running:Starting Rootfile21
entryNumber = 50462
Running: Free Rootfile21
Running:Starting Rootfile22
entryNumber = 50437
Running: Free Rootfile22
Running:Starting Rootfile23
entryNumber = 50701
Running: Free Rootfile23
Running:Starting Rootfile24
entryNumber = 50375
Running: Free Rootfile24
Running:Starting Rootfile25
entryNumber = 49931
Running: Free Rootfile25
Running:Starting Rootfile26
entryNumber = 50387
Running: Free Rootfile26
Running:Starting Rootfile27
entryNumber = 50191
Running: Free Rootfile27
Running:Starting Rootfile28
entryNumber = 48769
Running: Free Rootfile28
Running:Starting Rootfile29
entryNumber = 51172
Running: Free Rootfile29
Running:Starting Rootfile30
entryNumber = 51225
Running: Free Rootfile30
Running:Starting Rootfile31
entryNumber = 50614
Running: Free Rootfile31
Running:Starting Rootfile32
entryNumber = 51002
Running: Free Rootfile32
Running:Starting Rootfile33
entryNumber = 50943
Running: Free Rootfile33
Running:Starting Rootfile34
entryNumber = 50695
Running: Free Rootfile34
Running:Starting Rootfile35
entryNumber = 50742
Running: Free Rootfile35
Running:Starting Rootfile36
entryNumber = 51011
Running: Free Rootfile36
Running:Starting Rootfile37
entryNumber = 51161
Running: Free Rootfile37
Running:Starting Rootfile38
entryNumber = 51258
Running: Free Rootfile38
Running:Starting Rootfile39
entryNumber = 49899
Running: Free Rootfile39
Running:Starting Rootfile40
entryNumber = 50706
Running: Free Rootfile40
Running:Starting Rootfile41
entryNumber = 50633
Running: Free Rootfile41
Running:Starting Rootfile42
entryNumber = 50221
Running: Free Rootfile42
Running:Starting Rootfile43
entryNumber = 50780
Running: Free Rootfile43
Running:Starting Rootfile44
entryNumber = 51475
Running: Free Rootfile44
Running:Starting Rootfile45
entryNumber = 50822
Running: Free Rootfile45
Running:Starting Rootfile46
entryNumber = 50436
Running: Free Rootfile46
Running:Starting Rootfile47
entryNumber = 51089
Running: Free Rootfile47
Running:Starting Rootfile48
entryNumber = 50238
Running: Free Rootfile48
Running:Starting Rootfile49
entryNumber = 50753
Running: Free Rootfile49
Running:Starting Rootfile50
entryNumber = 50128
Running: Free Rootfile50

total event number:2.52956e+06

Running:50files in total readed!
Running: histgrams saved!
********* ZmmAna finish! *********
