********* ZmmAna begin! *********
********* Attention:it is   Normal   running now********
Info in <TCanvas::MakeDefCanvas>:  created default TCanvas with name c1
Warning in <TCanvas::Constructor>: Deleting canvas with same name: c1
Running:Starting Rootfile1
entryNumber = 37952
Running: Free Rootfile1
Running:Starting Rootfile2
entryNumber = 38305
Running: Free Rootfile2
Running:Starting Rootfile3
entryNumber = 75612
Running: Free Rootfile3
Running:Starting Rootfile4
entryNumber = 75197
Running: Free Rootfile4
Running:Starting Rootfile5
entryNumber = 76360
Running: Free Rootfile5
Running:Starting Rootfile6
entryNumber = 76390
Running: Free Rootfile6
Running:Starting Rootfile7
entryNumber = 79827
Running: Free Rootfile7
Running:Starting Rootfile8
entryNumber = 77622
Running: Free Rootfile8
Running:Starting Rootfile9
entryNumber = 76351
Running: Free Rootfile9
Running:Starting Rootfile10
entryNumber = 76480
Running: Free Rootfile10
Running:Starting Rootfile11
entryNumber = 77507
Running: Free Rootfile11
Running:Starting Rootfile12
entryNumber = 75670
Running: Free Rootfile12
Running:Starting Rootfile13
entryNumber = 77657
Running: Free Rootfile13
Running:Starting Rootfile14
entryNumber = 75692
Running: Free Rootfile14
Running:Starting Rootfile15
entryNumber = 76230
Running: Free Rootfile15
Running:Starting Rootfile16
entryNumber = 76390
Running: Free Rootfile16
Running:Starting Rootfile17
entryNumber = 79284
Running: Free Rootfile17
Running:Starting Rootfile18
entryNumber = 79049
Running: Free Rootfile18
Running:Starting Rootfile19
entryNumber = 76199
Running: Free Rootfile19
Running:Starting Rootfile20
entryNumber = 76498
Running: Free Rootfile20
Running:Starting Rootfile21
entryNumber = 75960
Running: Free Rootfile21
Running:Starting Rootfile22
entryNumber = 75772
Running: Free Rootfile22
Running:Starting Rootfile23
entryNumber = 76020
Running: Free Rootfile23
Running:Starting Rootfile24
entryNumber = 78936
Running: Free Rootfile24
Running:Starting Rootfile25
entryNumber = 78457
Running: Free Rootfile25
Running:Starting Rootfile26
entryNumber = 75961
Running: Free Rootfile26
Running:Starting Rootfile27
entryNumber = 79374
Running: Free Rootfile27
Running:Starting Rootfile28
entryNumber = 75777
Running: Free Rootfile28
Running:Starting Rootfile29
entryNumber = 76412
Running: Free Rootfile29
Running:Starting Rootfile30
entryNumber = 76743
Running: Free Rootfile30
Running:Starting Rootfile31
entryNumber = 76849
Running: Free Rootfile31
Running:Starting Rootfile32
entryNumber = 77116
Running: Free Rootfile32
Running:Starting Rootfile33
entryNumber = 77315
Running: Free Rootfile33
Running:Starting Rootfile34
entryNumber = 75727
Running: Free Rootfile34
Running:Starting Rootfile35
entryNumber = 76105
Running: Free Rootfile35
Running:Starting Rootfile36
entryNumber = 76873
Running: Free Rootfile36
Running:Starting Rootfile37
entryNumber = 77100
Running: Free Rootfile37
Running:Starting Rootfile38
entryNumber = 76315
Running: Free Rootfile38
Running:Starting Rootfile39
entryNumber = 75742
Running: Free Rootfile39
Running:Starting Rootfile40
entryNumber = 76807
Running: Free Rootfile40
Running:Starting Rootfile41
entryNumber = 76670
Running: Free Rootfile41
Running:Starting Rootfile42
entryNumber = 76733
Running: Free Rootfile42
Running:Starting Rootfile43
entryNumber = 76485
Running: Free Rootfile43
Running:Starting Rootfile44
entryNumber = 75528
Running: Free Rootfile44
Running:Starting Rootfile45
entryNumber = 76330
Running: Free Rootfile45
Running:Starting Rootfile46
entryNumber = 76117
Running: Free Rootfile46
Running:Starting Rootfile47
entryNumber = 75458
Running: Free Rootfile47
Running:Starting Rootfile48
entryNumber = 75258
Running: Free Rootfile48
Running:Starting Rootfile49
entryNumber = 76114
Running: Free Rootfile49
Running:Starting Rootfile50
entryNumber = 76117
Running: Free Rootfile50

total event number:3.75644e+06

Running:50files in total readed!
Running: histgrams saved!
********* ZmmAna finish! *********
