********* ZmmAna begin! *********
Info in <TCanvas::MakeDefCanvas>:  created default TCanvas with name c1
Warning in <TCanvas::Constructor>: Deleting canvas with same name: c1
Running:Starting Rootfile1
entryNumber = 824451
Running: Free Rootfile1
Running:Starting Rootfile2
entryNumber = 555549
Running: Free Rootfile2
Running:Starting Rootfile3
entryNumber = 767775
Running: Free Rootfile3
Running:Starting Rootfile4
entryNumber = 422706
Running: Free Rootfile4
Running:Starting Rootfile5
entryNumber = 687617
Running: Free Rootfile5
Running:Starting Rootfile6
entryNumber = 724047
Running: Free Rootfile6
Running:Starting Rootfile7
entryNumber = 505585
Running: Free Rootfile7
Running:Starting Rootfile8
entryNumber = 637388
Running: Free Rootfile8
Running:Starting Rootfile9
entryNumber = 239617
Running: Free Rootfile9
Running:Starting Rootfile10
entryNumber = 775463
Running: Free Rootfile10
Running:Starting Rootfile11
entryNumber = 774964
Running: Free Rootfile11
Running:Starting Rootfile12
entryNumber = 502929
Running: Free Rootfile12
Running:Starting Rootfile13
entryNumber = 696570
Running: Free Rootfile13
Running:Starting Rootfile14
entryNumber = 724279
Running: Free Rootfile14
Running:Starting Rootfile15
entryNumber = 753432
Running: Free Rootfile15
Running:Starting Rootfile16
entryNumber = 455246
Running: Free Rootfile16
Running:Starting Rootfile17
entryNumber = 416229
Running: Free Rootfile17
Running:Starting Rootfile18
entryNumber = 707425
Running: Free Rootfile18
Running:Starting Rootfile19
entryNumber = 439285
Running: Free Rootfile19
Running:Starting Rootfile20
entryNumber = 516274
Running: Free Rootfile20
Running:Starting Rootfile21
entryNumber = 277093
Running: Free Rootfile21
Running:Starting Rootfile22
entryNumber = 635870
Running: Free Rootfile22
Running:Starting Rootfile23
entryNumber = 548592
Running: Free Rootfile23
Running:Starting Rootfile24
entryNumber = 437226
Running: Free Rootfile24
Running:Starting Rootfile25
entryNumber = 267250
Running: Free Rootfile25
Running:Starting Rootfile26
entryNumber = 646071
Running: Free Rootfile26
Running:Starting Rootfile27
entryNumber = 634174
Running: Free Rootfile27
Running:Starting Rootfile28
entryNumber = 111325
Running: Free Rootfile28
Running:Starting Rootfile29
entryNumber = 145126
Running: Free Rootfile29
Running:Starting Rootfile30
entryNumber = 671948
Running: Free Rootfile30

total event number:1.65015e+07

Running:30files in total readed!
Running: histgrams saved!
********* ZmmAna finish! *********
