********* ZmmAna begin! *********
Info in <TCanvas::MakeDefCanvas>:  created default TCanvas with name c1
Warning in <TCanvas::Constructor>: Deleting canvas with same name: c1
Running:Starting Rootfile1
entryNumber = 58162
Running: Free Rootfile1
Running:Starting Rootfile2
entryNumber = 58506
Running: Free Rootfile2
Running:Starting Rootfile3
entryNumber = 58323
Running: Free Rootfile3
Running:Starting Rootfile4
entryNumber = 58339
Running: Free Rootfile4
Running:Starting Rootfile5
entryNumber = 58876
Running: Free Rootfile5
Running:Starting Rootfile6
entryNumber = 57764
Running: Free Rootfile6
Running:Starting Rootfile7
entryNumber = 58104
Running: Free Rootfile7
Running:Starting Rootfile8
entryNumber = 58439
Running: Free Rootfile8
Running:Starting Rootfile9
entryNumber = 58573
Running: Free Rootfile9
Running:Starting Rootfile10
entryNumber = 58566
Running: Free Rootfile10
Running:Starting Rootfile11
entryNumber = 0
****** this tree has no event, skip to next!!! ******
Running:Starting Rootfile12
entryNumber = 58374
Running: Free Rootfile12
Running:Starting Rootfile13
entryNumber = 58662
Running: Free Rootfile13
Running:Starting Rootfile14
entryNumber = 0
****** this tree has no event, skip to next!!! ******
Running:Starting Rootfile15
entryNumber = 0
****** this tree has no event, skip to next!!! ******
Running:Starting Rootfile16
entryNumber = 58078
Running: Free Rootfile16
Running:Starting Rootfile17
entryNumber = 57402
Running: Free Rootfile17
Running:Starting Rootfile18
entryNumber = 58910
Running: Free Rootfile18
Running:Starting Rootfile19
entryNumber = 58289
Running: Free Rootfile19
Running:Starting Rootfile20
entryNumber = 57954
Running: Free Rootfile20
Running:Starting Rootfile21
entryNumber = 58809
Running: Free Rootfile21
Running:Starting Rootfile22
entryNumber = 58200
Running: Free Rootfile22
Running:Starting Rootfile23
entryNumber = 57913
Running: Free Rootfile23
Running:Starting Rootfile24
entryNumber = 57953
Running: Free Rootfile24
Running:Starting Rootfile25
entryNumber = 58471
Running: Free Rootfile25
Running:Starting Rootfile26
entryNumber = 59827
Running: Free Rootfile26
Running:Starting Rootfile27
entryNumber = 58486
Running: Free Rootfile27
Running:Starting Rootfile28
entryNumber = 58657
Running: Free Rootfile28
Running:Starting Rootfile29
entryNumber = 58005
Running: Free Rootfile29
Running:Starting Rootfile30
entryNumber = 58977
Running: Free Rootfile30
Running:Starting Rootfile31
entryNumber = 57548
Running: Free Rootfile31
Running:Starting Rootfile32
entryNumber = 58545
Running: Free Rootfile32
Running:Starting Rootfile33
entryNumber = 58535
Running: Free Rootfile33
Running:Starting Rootfile34
entryNumber = 58315
Running: Free Rootfile34
Running:Starting Rootfile35
entryNumber = 59242
Running: Free Rootfile35
Running:Starting Rootfile36
entryNumber = 57089
Running: Free Rootfile36
Running:Starting Rootfile37
entryNumber = 58862
Running: Free Rootfile37
Running:Starting Rootfile38
entryNumber = 55965
Running: Free Rootfile38
Running:Starting Rootfile39
entryNumber = 57798
Running: Free Rootfile39
Running:Starting Rootfile40
entryNumber = 58488
Running: Free Rootfile40
Running:Starting Rootfile41
entryNumber = 59051
Running: Free Rootfile41
Running:Starting Rootfile42
entryNumber = 59443
Running: Free Rootfile42
Running:Starting Rootfile43
entryNumber = 58552
Running: Free Rootfile43
Running:Starting Rootfile44
entryNumber = 58503
Running: Free Rootfile44
Running:Starting Rootfile45
entryNumber = 58160
Running: Free Rootfile45
Running:Starting Rootfile46
entryNumber = 58249
Running: Free Rootfile46
Running:Starting Rootfile47
entryNumber = 57774
Running: Free Rootfile47
Running:Starting Rootfile48
entryNumber = 59114
Running: Free Rootfile48
Running:Starting Rootfile49
entryNumber = 58947
Running: Free Rootfile49
Running:Starting Rootfile50
entryNumber = 58343
Running: Free Rootfile50

total event number:2.74314e+06

Running:50files in total readed!
Running: histgrams saved!
********* ZmmAna finish! *********
